2024-12-13 21:36:03,030 [INFO] in AsyncAppender-Worker-ASYNCSTDOUT - [[34mINFO [0;39m] c.jpro.activity - Starting the server - AsyncAppender-Worker-ASYNCSTDOUT
2024-12-13 21:36:03,078 [INFO] in AsyncAppender-Worker-ASYNCSTDOUT - [[34mINFO [0;39m] c.j.i.s.JProInitializer$ -  *** Starting JPro: https://www.jpro.one/ *** - AsyncAppender-Worker-ASYNCSTDOUT
2024-12-13 21:36:03,079 [INFO] in AsyncAppender-Worker-ASYNCSTDOUT - [[34mINFO [0;39m] c.j.i.s.JProInitializer$ - OS: Windows 10 - AsyncAppender-Worker-ASYNCSTDOUT
2024-12-13 21:36:03,079 [INFO] in AsyncAppender-Worker-ASYNCSTDOUT - [[34mINFO [0;39m] c.j.i.s.JProInitializer$ - JPro: 2024.4.1 - AsyncAppender-Worker-ASYNCSTDOUT
2024-12-13 21:36:03,079 [INFO] in AsyncAppender-Worker-ASYNCSTDOUT - [[34mINFO [0;39m] c.j.i.s.JProInitializer$ - Java version: 23 - AsyncAppender-Worker-ASYNCSTDOUT
2024-12-13 21:36:03,079 [INFO] in AsyncAppender-Worker-ASYNCSTDOUT - [[34mINFO [0;39m] c.j.i.s.JProInitializer$ - JVM: 23 GraalVM Community - AsyncAppender-Worker-ASYNCSTDOUT
2024-12-13 21:36:03,079 [INFO] in AsyncAppender-Worker-ASYNCSTDOUT - [[34mINFO [0;39m] c.j.i.s.JProInitializer$ - JavaFX jar: file:/C:/Users/Losma/.m2/repository/org/openjfx/javafx-graphics/23.0.1-jpro/javafx-graphics-23.0.1-jpro-win.jar - AsyncAppender-Worker-ASYNCSTDOUT
2024-12-13 21:36:03,079 [INFO] in AsyncAppender-Worker-ASYNCSTDOUT - [[34mINFO [0;39m] c.j.i.s.JProInitializer$ - Configuring logging from url: 'jar:file:/C:/Users/Losma/.m2/repository/one/jpro/jpro-server_2.12/2024.4.1/jpro-server_2.12-2024.4.1.jar!/logback-jpro-default.xml' - AsyncAppender-Worker-ASYNCSTDOUT
2024-12-13 21:36:04,089 [INFO] in AsyncAppender-Worker-ASYNCSTDOUT - [[34mINFO [0;39m] c.j.i.s.JProInitializer$ - JavaFX version: 23.0.1-jpro+0 - AsyncAppender-Worker-ASYNCSTDOUT
2024-12-13 21:36:04,150 [INFO] in JavaFX Application Thread - G1 Young Generation - JavaFX Application Thread
2024-12-13 21:36:04,150 [INFO] in JavaFX Application Thread - G1 Concurrent GC - JavaFX Application Thread
2024-12-13 21:36:04,150 [INFO] in JavaFX Application Thread - G1 Old Generation - JavaFX Application Thread
2024-12-13 21:36:04,172 [INFO] in AsyncAppender-Worker-ASYNCSTDOUT - [[34mINFO [0;39m] c.j.i.s.JProInitializer$ - finished init! - AsyncAppender-Worker-ASYNCSTDOUT
2024-12-13 21:36:04,185 [INFO] in AsyncAppender-Worker-ASYNCSTDOUT - [[34mINFO [0;39m] c.j.i.s.JProInitializer$ - [JPro] -> Server started: {start_time: 1734140163009, os_name: Windows 10, jpro_version: 2024.4.1} - AsyncAppender-Worker-ASYNCSTDOUT
2024-12-13 21:36:04,453 [INFO] in AsyncAppender-Worker-ASYNCSTDOUT - [[34mINFO [0;39m] a.e.s.Slf4jLogger - Slf4jLogger started - AsyncAppender-Worker-ASYNCSTDOUT
2024-12-13 21:36:05,223 [INFO] in AsyncAppender-Worker-ASYNCSTDOUT - [[34mINFO [0;39m] play.api.Play - Application started (Prod) (no global state) - AsyncAppender-Worker-ASYNCSTDOUT
2024-12-13 21:36:05,984 [INFO] in AsyncAppender-Worker-ASYNCSTDOUT - [[34mINFO [0;39m] p.c.s.AkkaHttpServer - Enabling HTTP/2 on Akka HTTP server... - AsyncAppender-Worker-ASYNCSTDOUT
2024-12-13 21:36:05,986 [INFO] in AsyncAppender-Worker-ASYNCSTDOUT - [[34mINFO [0;39m] p.c.s.AkkaHttpServer - Listening for HTTP on /[0:0:0:0:0:0:0:0]:8080 - AsyncAppender-Worker-ASYNCSTDOUT
2024-12-13 21:36:08,182 [INFO] in AsyncAppender-Worker-ASYNCSTDOUT - [[34mINFO [0;39m] c.jpro - application requested: default params: Map() - AsyncAppender-Worker-ASYNCSTDOUT
2024-12-13 21:36:08,191 [INFO] in AsyncAppender-Worker-ASYNCSTDOUT - [[34mINFO [0;39m] c.jpro - Creating Application: default - AsyncAppender-Worker-ASYNCSTDOUT
2024-12-13 21:36:08,196 [INFO] in AsyncAppender-Worker-ASYNCSTDOUT - [[34mINFO [0;39m] c.jpro - remoteAddress 0:0:0:0:0:0:0:1 - AsyncAppender-Worker-ASYNCSTDOUT
2024-12-13 21:36:08,196 [INFO] in AsyncAppender-Worker-ASYNCSTDOUT - [[34mINFO [0;39m] c.jpro - host          localhost:8080 - AsyncAppender-Worker-ASYNCSTDOUT
2024-12-13 21:36:08,196 [INFO] in AsyncAppender-Worker-ASYNCSTDOUT - [[34mINFO [0;39m] c.jpro - uri           /app/ws/default - AsyncAppender-Worker-ASYNCSTDOUT
2024-12-13 21:36:09,666 [INFO] in AsyncAppender-Worker-ASYNCSTDOUT - [[34mINFO [0;39m] c.j.i.s.ViewInfo$ - [JPro] -> View created: {app_name: default, host_name: localhost:8080, instance_id: 796386446, browser: Google Chrome 131.0.0.0, browser_url: http://localhost:8080/, client_ip: 0:0:0:0:0:0:0:1} - AsyncAppender-Worker-ASYNCSTDOUT
2024-12-13 21:36:10,349 [INFO] in AsyncAppender-Worker-ASYNCSTDOUT - [[34mINFO [0;39m] c.j.i.c.InstanceImpl - [JPro] -> Instance created: {app_name: default, host_name: localhost:8080, instance_id: 796386446, browser: Google Chrome 131.0.0.0, browser_url: http://localhost:8080/, client_ip: 0:0:0:0:0:0:0:1} - AsyncAppender-Worker-ASYNCSTDOUT
2024-12-13 21:36:15,459 [INFO] in AsyncAppender-Worker-ASYNCSTDOUT - [[34mINFO [0;39m] c.j.i.s.ViewInfo$ - [JPro] -> View closed: {app_name: default, host_name: localhost:8080, instance_id: 796386446, browser: Google Chrome 131.0.0.0, browser_url: http://localhost:8080/, client_ip: 0:0:0:0:0:0:0:1, reason: tab-closed} - AsyncAppender-Worker-ASYNCSTDOUT
2024-12-13 21:36:15,461 [INFO] in AsyncAppender-Worker-ASYNCSTDOUT - [[34mINFO [0;39m] c.j.i.s.ViewInfo$ -  - AsyncAppender-Worker-ASYNCSTDOUT
2024-12-13 21:36:15,461 [INFO] in AsyncAppender-Worker-ASYNCSTDOUT - [[34mINFO [0;39m] c.j.i.s.ViewInfo$ - Application closed: - AsyncAppender-Worker-ASYNCSTDOUT
2024-12-13 21:36:15,476 [INFO] in AsyncAppender-Worker-ASYNCSTDOUT - [[34mINFO [0;39m] c.j.i.s.ViewInfo$ - startTime      : Fri Dec 13 21:36:15 GMT-04:00 2024       - AsyncAppender-Worker-ASYNCSTDOUT
2024-12-13 21:36:15,476 [INFO] in AsyncAppender-Worker-ASYNCSTDOUT - [[34mINFO [0;39m] c.j.i.s.ViewInfo$ - averageLatency : 00:00:00.003  - AsyncAppender-Worker-ASYNCSTDOUT
2024-12-13 21:36:15,476 [INFO] in AsyncAppender-Worker-ASYNCSTDOUT - [[34mINFO [0;39m] c.j.i.s.ViewInfo$ - averageJitter  : 00:00:00.001   - AsyncAppender-Worker-ASYNCSTDOUT
2024-12-13 21:36:15,477 [INFO] in AsyncAppender-Worker-ASYNCSTDOUT - [[34mINFO [0;39m] c.j.i.s.ViewInfo$ - framerateServer: 00:00:00.000 - AsyncAppender-Worker-ASYNCSTDOUT
2024-12-13 21:36:15,478 [INFO] in AsyncAppender-Worker-ASYNCSTDOUT - [[34mINFO [0;39m] c.j.i.s.ViewInfo$ - framerateClient: 00:00:00.000 - AsyncAppender-Worker-ASYNCSTDOUT
2024-12-13 21:36:15,479 [INFO] in AsyncAppender-Worker-ASYNCSTDOUT - [[34mINFO [0;39m] c.j.i.s.ViewInfo$ - raw            : 1292092 - AsyncAppender-Worker-ASYNCSTDOUT
2024-12-13 21:36:15,479 [INFO] in AsyncAppender-Worker-ASYNCSTDOUT - [[34mINFO [0;39m] c.j.i.s.ViewInfo$ - zipped         : 359747 - AsyncAppender-Worker-ASYNCSTDOUT
2024-12-13 21:36:15,479 [INFO] in AsyncAppender-Worker-ASYNCSTDOUT - [[34mINFO [0;39m] c.j.i.s.ViewInfo$ -  - AsyncAppender-Worker-ASYNCSTDOUT
2024-12-13 21:36:16,463 [INFO] in AsyncAppender-Worker-ASYNCSTDOUT - [[34mINFO [0;39m] c.j.i.c.InstanceImpl - [JPro] -> Instance closed: {app_name: default, host_name: localhost:8080, instance_id: 796386446, browser: Google Chrome 131.0.0.0, browser_url: http://localhost:8080/, client_ip: 0:0:0:0:0:0:0:1, reason: close-tab-closed} - AsyncAppender-Worker-ASYNCSTDOUT
2024-12-13 22:03:18,174 [INFO] in AsyncAppender-Worker-ASYNCSTDOUT - [[34mINFO [0;39m] c.jpro.activity - Starting the server - AsyncAppender-Worker-ASYNCSTDOUT
2024-12-13 22:03:18,174 [INFO] in AsyncAppender-Worker-ASYNCSTDOUT - [[34mINFO [0;39m] c.j.i.s.JProInitializer$ -  *** Starting JPro: https://www.jpro.one/ *** - AsyncAppender-Worker-ASYNCSTDOUT
2024-12-13 22:03:18,175 [INFO] in AsyncAppender-Worker-ASYNCSTDOUT - [[34mINFO [0;39m] c.j.i.s.JProInitializer$ - OS: Windows 10 - AsyncAppender-Worker-ASYNCSTDOUT
2024-12-13 22:03:18,183 [INFO] in AsyncAppender-Worker-ASYNCSTDOUT - [[34mINFO [0;39m] c.j.i.s.JProInitializer$ - JPro: 2024.4.1 - AsyncAppender-Worker-ASYNCSTDOUT
2024-12-13 22:03:18,184 [INFO] in AsyncAppender-Worker-ASYNCSTDOUT - [[34mINFO [0;39m] c.j.i.s.JProInitializer$ - Java version: 23 - AsyncAppender-Worker-ASYNCSTDOUT
2024-12-13 22:03:18,184 [INFO] in AsyncAppender-Worker-ASYNCSTDOUT - [[34mINFO [0;39m] c.j.i.s.JProInitializer$ - JVM: 23 GraalVM Community - AsyncAppender-Worker-ASYNCSTDOUT
2024-12-13 22:03:18,188 [INFO] in AsyncAppender-Worker-ASYNCSTDOUT - [[34mINFO [0;39m] c.j.i.s.JProInitializer$ - JavaFX jar: file:/C:/Users/Losma/.m2/repository/org/openjfx/javafx-graphics/23.0.1-jpro/javafx-graphics-23.0.1-jpro-win.jar - AsyncAppender-Worker-ASYNCSTDOUT
2024-12-13 22:03:18,193 [INFO] in AsyncAppender-Worker-ASYNCSTDOUT - [[34mINFO [0;39m] c.j.i.s.JProInitializer$ - Configuring logging from url: 'jar:file:/C:/Users/Losma/.m2/repository/one/jpro/jpro-server_2.12/2024.4.1/jpro-server_2.12-2024.4.1.jar!/logback-jpro-default.xml' - AsyncAppender-Worker-ASYNCSTDOUT
2024-12-13 22:03:19,201 [INFO] in AsyncAppender-Worker-ASYNCSTDOUT - [[34mINFO [0;39m] c.j.i.s.JProInitializer$ - JavaFX version: 23.0.1-jpro+0 - AsyncAppender-Worker-ASYNCSTDOUT
2024-12-13 22:03:19,259 [INFO] in JavaFX Application Thread - G1 Young Generation - JavaFX Application Thread
2024-12-13 22:03:19,259 [INFO] in JavaFX Application Thread - G1 Concurrent GC - JavaFX Application Thread
2024-12-13 22:03:19,259 [INFO] in JavaFX Application Thread - G1 Old Generation - JavaFX Application Thread
2024-12-13 22:03:19,297 [INFO] in AsyncAppender-Worker-ASYNCSTDOUT - [[34mINFO [0;39m] c.j.i.s.JProInitializer$ - finished init! - AsyncAppender-Worker-ASYNCSTDOUT
2024-12-13 22:03:19,305 [INFO] in AsyncAppender-Worker-ASYNCSTDOUT - [[34mINFO [0;39m] c.j.i.s.JProInitializer$ - [JPro] -> Server started: {start_time: 1734141798152, os_name: Windows 10, jpro_version: 2024.4.1} - AsyncAppender-Worker-ASYNCSTDOUT
2024-12-13 22:03:19,587 [INFO] in AsyncAppender-Worker-ASYNCSTDOUT - [[34mINFO [0;39m] a.e.s.Slf4jLogger - Slf4jLogger started - AsyncAppender-Worker-ASYNCSTDOUT
2024-12-13 22:03:20,426 [INFO] in AsyncAppender-Worker-ASYNCSTDOUT - [[34mINFO [0;39m] play.api.Play - Application started (Prod) (no global state) - AsyncAppender-Worker-ASYNCSTDOUT
2024-12-13 22:03:21,225 [INFO] in AsyncAppender-Worker-ASYNCSTDOUT - [[34mINFO [0;39m] p.c.s.AkkaHttpServer - Enabling HTTP/2 on Akka HTTP server... - AsyncAppender-Worker-ASYNCSTDOUT
2024-12-13 22:03:21,226 [INFO] in AsyncAppender-Worker-ASYNCSTDOUT - [[34mINFO [0;39m] p.c.s.AkkaHttpServer - Listening for HTTP on /[0:0:0:0:0:0:0:0]:8080 - AsyncAppender-Worker-ASYNCSTDOUT
2024-12-13 22:03:23,560 [INFO] in AsyncAppender-Worker-ASYNCSTDOUT - [[34mINFO [0;39m] c.jpro - application requested: default params: Map() - AsyncAppender-Worker-ASYNCSTDOUT
2024-12-13 22:03:23,569 [INFO] in AsyncAppender-Worker-ASYNCSTDOUT - [[34mINFO [0;39m] c.jpro - Creating Application: default - AsyncAppender-Worker-ASYNCSTDOUT
2024-12-13 22:03:23,574 [INFO] in AsyncAppender-Worker-ASYNCSTDOUT - [[34mINFO [0;39m] c.jpro - remoteAddress 0:0:0:0:0:0:0:1 - AsyncAppender-Worker-ASYNCSTDOUT
2024-12-13 22:03:23,575 [INFO] in AsyncAppender-Worker-ASYNCSTDOUT - [[34mINFO [0;39m] c.jpro - host          localhost:8080 - AsyncAppender-Worker-ASYNCSTDOUT
2024-12-13 22:03:23,575 [INFO] in AsyncAppender-Worker-ASYNCSTDOUT - [[34mINFO [0;39m] c.jpro - uri           /app/ws/default - AsyncAppender-Worker-ASYNCSTDOUT
2024-12-13 22:03:25,056 [INFO] in AsyncAppender-Worker-ASYNCSTDOUT - [[34mINFO [0;39m] c.j.i.s.ViewInfo$ - [JPro] -> View created: {app_name: default, host_name: localhost:8080, instance_id: 692513661, browser: Google Chrome 131.0.0.0, browser_url: http://localhost:8080/, client_ip: 0:0:0:0:0:0:0:1} - AsyncAppender-Worker-ASYNCSTDOUT
2024-12-13 22:03:25,791 [INFO] in AsyncAppender-Worker-ASYNCSTDOUT - [[34mINFO [0;39m] c.j.i.c.InstanceImpl - [JPro] -> Instance created: {app_name: default, host_name: localhost:8080, instance_id: 692513661, browser: Google Chrome 131.0.0.0, browser_url: http://localhost:8080/, client_ip: 0:0:0:0:0:0:0:1} - AsyncAppender-Worker-ASYNCSTDOUT
